Build started 8/18/2013 9:41:00 AM.
     1>Project "C:\Users\pdcc\Desktop\VLDBDemo13-v4\Experiment\Source\FinalTest\Kernel\CoProcessor\CoProcessor\CoProcessor.vcxproj" on node 2 (build target(s)).
     1>InitializeBuildStatus:
         Creating "Release\CoProcessor.unsuccessfulbuild" because "AlwaysCreate" was specified.
       ClCompile:
         All outputs are up-to-date.
       Link:
         C:\Program Files (x86)\Microsoft Visual Studio 10.0\VC\bin\link.exe /ERRORREPORT:PROMPT /OUT:"C:\Users\pdcc\Desktop\VLDBDemo13-v4\Experiment\Source\FinalTest\Kernel\CoProcessor\Release\CoProcessor.exe" /INCREMENTAL:NO /NOLOGO /LIBPATH:..\TonyLib /LIBPATH:..\MyLib /LIBPATH:"C:\Program Files (x86)\AMD APP\\lib\x86" /LIBPATH:"C:\Users\pdcc\Documents\AMD APP\\lib\x86" /LIBPATH:"C:\Users\pdcc\Documents\AMD APP\\TempSDKUtil\lib\debug\x86" /LIBPATH:"C:\Program Files (x86)\AMD APP\\lib\x86" /LIBPATH:"C:\Users\pdcc\Documents\AMD APP\\lib\x86" /LIBPATH:"C:\Users\pdcc\Documents\AMD APP\\TempSDKUtil\lib\debug\x86" DLL_OpenCL.lib OpenCL.lib kernel32.lib user32.lib gdi32.lib winspool.lib comdlg32.lib advapi32.lib shell32.lib ole32.lib oleaut32.lib uuid.lib odbc32.lib odbccp32.lib /MANIFEST /ManifestFile:"Release\CoProcessor.exe.intermediate.manifest" /MANIFESTUAC:"level='asInvoker' uiAccess='false'" /DEBUG /PDB:"C:\Users\pdcc\Desktop\VLDBDemo13-v4\Experiment\Source\FinalTest\Kernel\CoProcessor\Release\CoProcessor.pdb" /SUBSYSTEM:CONSOLE /OPT:REF /OPT:ICF /LTCG /TLBID:1 /DYNAMICBASE /NXCOMPAT /IMPLIB:"C:\Users\pdcc\Desktop\VLDBDemo13-v4\Experiment\Source\FinalTest\Kernel\CoProcessor\Release\CoProcessor.lib" /MACHINE:X86 Release\BinaryThreadOp.obj
         Release\CoProcessorApp.obj
         Release\CoProcessorTest.obj
         Release\Database.obj
         Release\db.obj
         Release\DynamicQueryProcessor.obj
         Release\GroupByThreadOp.obj
         Release\PredicateTree.obj
         Release\QP_Utility.obj
         Release\QueryPlanNode.obj
         Release\QueryPlanTree.obj
         Release\SDKCommmon.obj
         Release\SingularThreadOp.obj
         Release\SortThreadOp.obj
         Release\ThreadOp.obj
         Release\UInterface.obj
            Creating library C:\Users\pdcc\Desktop\VLDBDemo13-v4\Experiment\Source\FinalTest\Kernel\CoProcessor\Release\CoProcessor.lib and object C:\Users\pdcc\Desktop\VLDBDemo13-v4\Experiment\Source\FinalTest\Kernel\CoProcessor\Release\CoProcessor.exp
         Generating code
     1>c:\users\pdcc\desktop\vldbdemo13-v4\experiment\source\finaltest\kernel\coprocessor\coprocessor\coprocessortest.cpp(327): warning C4715: 'OpToString' : not all control paths return a value
     1>c:\users\pdcc\desktop\vldbdemo13-v4\experiment\source\finaltest\kernel\coprocessor\coprocessor\execstatus.h(111): warning C4700: uninitialized local variable 'Rout' used
         Finished generating code
         CoProcessor.vcxproj -> C:\Users\pdcc\Desktop\VLDBDemo13-v4\Experiment\Source\FinalTest\Kernel\CoProcessor\Release\CoProcessor.exe
       Manifest:
         C:\Program Files (x86)\Microsoft SDKs\Windows\v7.0A\bin\mt.exe /nologo /verbose /outputresource:"C:\Users\pdcc\Desktop\VLDBDemo13-v4\Experiment\Source\FinalTest\Kernel\CoProcessor\Release\CoProcessor.exe;#1" /manifest Release\CoProcessor.exe.intermediate.manifest
       FinalizeBuildStatus:
         Deleting file "Release\CoProcessor.unsuccessfulbuild".
         Touching "Release\CoProcessor.lastbuildstate".
     1>Done Building Project "C:\Users\pdcc\Desktop\VLDBDemo13-v4\Experiment\Source\FinalTest\Kernel\CoProcessor\CoProcessor\CoProcessor.vcxproj" (build target(s)).

Build succeeded.

Time Elapsed 00:00:02.34
