Build started 8/18/2013 12:20:16 AM.
     1>Project "C:\Users\pdcc\Desktop\VLDBDemo13-v4\Experiment\Source\FinalTest\Operator\CoProcessor-OperatorScheduler\CoProcessor\CoProcessor.vcxproj" on node 2 (build target(s)).
     1>InitializeBuildStatus:
         Creating "Release\CoProcessor.unsuccessfulbuild" because "AlwaysCreate" was specified.
       ClCompile:
         C:\Program Files (x86)\Microsoft Visual Studio 10.0\VC\bin\CL.exe /c /I..\TonyLib /I..\MyLib /I"C:\Program Files (x86)\AMD APP\\include" /I"C:\Users\pdcc\Documents\AMD APP\\samples\opencl\SDKUtil\include" /I"C:\Users\pdcc\Documents\AMD APP\\include" /Zi /nologo /W3 /WX- /O2 /Oy- /GL /D WIN32 /D NDEBUG /D _CONSOLE /D _UNICODE /D UNICODE /Gm- /EHsc /MD /GS /fp:precise /Zc:wchar_t /Zc:forScope /Fo"Release\\" /Fd"Release\vc100.pdb" /Gd /TP /analyze- /errorReport:prompt BinaryThreadOp.cpp CoProcessorApp.cpp CoProcessorTest.cpp Database.cpp db.cpp DynamicQueryProcessor.cpp GroupByThreadOp.cpp HandShaking.cpp PredicateTree.cpp QP_Utility.cpp QueryPlanNode.cpp QueryPlanTree.cpp Scheduler.cpp SDKCommmon.cpp SingularThreadOp.cpp SortThreadOp.cpp ThreadOp.cpp UInterface.cpp
         BinaryThreadOp.cpp
     1>c:\users\pdcc\desktop\vldbdemo13-v4\experiment\source\finaltest\operator\coprocessor-operatorscheduler\coprocessor\db.h(42): warning C4005: 'NUM_ENTRY' : macro redefinition
                 c:\users\pdcc\desktop\vldbdemo13-v4\experiment\source\finaltest\operator\coprocessor-operatorscheduler\mylib\LinkedList.h(8) : see previous definition of 'NUM_ENTRY'
     1>c:\users\pdcc\desktop\vldbdemo13-v4\experiment\source\finaltest\operator\coprocessor-operatorscheduler\coprocessor\db.h(52): warning C4005: 'TEST_MAX' : macro redefinition
                 c:\users\pdcc\desktop\vldbdemo13-v4\experiment\source\finaltest\operator\coprocessor-operatorscheduler\mylib\QP_Utility.h(20) : see previous definition of 'TEST_MAX'
         CoProcessorApp.cpp
     1>c:\users\pdcc\desktop\vldbdemo13-v4\experiment\source\finaltest\operator\coprocessor-operatorscheduler\coprocessor\db.h(42): warning C4005: 'NUM_ENTRY' : macro redefinition
                 c:\users\pdcc\desktop\vldbdemo13-v4\experiment\source\finaltest\operator\coprocessor-operatorscheduler\mylib\LinkedList.h(8) : see previous definition of 'NUM_ENTRY'
     1>c:\users\pdcc\desktop\vldbdemo13-v4\experiment\source\finaltest\operator\coprocessor-operatorscheduler\coprocessor\db.h(52): warning C4005: 'TEST_MAX' : macro redefinition
                 C:\Users\pdcc\Desktop\VLDBDemo13-v4\Experiment\Source\FinalTest\Operator\CoProcessor-OperatorScheduler\MyLib\QP_Utility.h(20) : see previous definition of 'TEST_MAX'
     1>CoProcessorApp.cpp(45): warning C4996: 'sprintf': This function or variable may be unsafe. Consider using sprintf_s instead. To disable deprecation, use _CRT_SECURE_NO_WARNINGS. See online help for details.
                 C:\Program Files (x86)\Microsoft Visual Studio 10.0\VC\include\stdio.h(371) : see declaration of 'sprintf'
     1>CoProcessorApp.cpp(46): warning C4996: 'fopen': This function or variable may be unsafe. Consider using fopen_s instead. To disable deprecation, use _CRT_SECURE_NO_WARNINGS. See online help for details.
                 C:\Program Files (x86)\Microsoft Visual Studio 10.0\VC\include\stdio.h(234) : see declaration of 'fopen'
     1>CoProcessorApp.cpp(40): warning C4101: 'qt' : unreferenced local variable
     1>CoProcessorApp.cpp(39): warning C4101: 'choice' : unreferenced local variable
         CoProcessorTest.cpp
     1>c:\users\pdcc\desktop\vldbdemo13-v4\experiment\source\finaltest\operator\coprocessor-operatorscheduler\coprocessor\db.h(42): warning C4005: 'NUM_ENTRY' : macro redefinition
                 c:\users\pdcc\desktop\vldbdemo13-v4\experiment\source\finaltest\operator\coprocessor-operatorscheduler\mylib\LinkedList.h(8) : see previous definition of 'NUM_ENTRY'
     1>c:\users\pdcc\desktop\vldbdemo13-v4\experiment\source\finaltest\operator\coprocessor-operatorscheduler\coprocessor\db.h(52): warning C4005: 'TEST_MAX' : macro redefinition
                 c:\users\pdcc\desktop\vldbdemo13-v4\experiment\source\finaltest\operator\coprocessor-operatorscheduler\mylib\QP_Utility.h(20) : see previous definition of 'TEST_MAX'
     1>c:\users\pdcc\desktop\vldbdemo13-v4\experiment\source\finaltest\operator\coprocessor-operatorscheduler\coprocessor\hash.h(43): warning C4996: 'strcpy': This function or variable may be unsafe. Consider using strcpy_s instead. To disable deprecation, use _CRT_SECURE_NO_WARNINGS. See online help for details.
                 C:\Program Files (x86)\Microsoft Visual Studio 10.0\VC\include\string.h(105) : see declaration of 'strcpy'
     1>c:\users\pdcc\desktop\vldbdemo13-v4\experiment\source\finaltest\operator\coprocessor-operatorscheduler\coprocessor\ExecStatus.h(58): warning C4996: 'strcpy': This function or variable may be unsafe. Consider using strcpy_s instead. To disable deprecation, use _CRT_SECURE_NO_WARNINGS. See online help for details.
                 C:\Program Files (x86)\Microsoft Visual Studio 10.0\VC\include\string.h(105) : see declaration of 'strcpy'
     1>c:\users\pdcc\desktop\vldbdemo13-v4\experiment\source\finaltest\operator\coprocessor-operatorscheduler\coprocessor\ExecStatus.h(231): warning C4101: 'refCount' : unreferenced local variable
     1>c:\users\pdcc\desktop\vldbdemo13-v4\experiment\source\finaltest\operator\coprocessor-operatorscheduler\coprocessor\ExecStatus.h(230): warning C4101: 'status' : unreferenced local variable
     1>CoProcessorTest.cpp(74): warning C4996: 'sprintf': This function or variable may be unsafe. Consider using sprintf_s instead. To disable deprecation, use _CRT_SECURE_NO_WARNINGS. See online help for details.
                 C:\Program Files (x86)\Microsoft Visual Studio 10.0\VC\include\stdio.h(371) : see declaration of 'sprintf'
     1>CoProcessorTest.cpp(85): warning C4996: 'sprintf': This function or variable may be unsafe. Consider using sprintf_s instead. To disable deprecation, use _CRT_SECURE_NO_WARNINGS. See online help for details.
                 C:\Program Files (x86)\Microsoft Visual Studio 10.0\VC\include\stdio.h(371) : see declaration of 'sprintf'
     1>CoProcessorTest.cpp(89): warning C4996: 'sprintf': This function or variable may be unsafe. Consider using sprintf_s instead. To disable deprecation, use _CRT_SECURE_NO_WARNINGS. See online help for details.
                 C:\Program Files (x86)\Microsoft Visual Studio 10.0\VC\include\stdio.h(371) : see declaration of 'sprintf'
     1>CoProcessorTest.cpp(93): warning C4996: 'sprintf': This function or variable may be unsafe. Consider using sprintf_s instead. To disable deprecation, use _CRT_SECURE_NO_WARNINGS. See online help for details.
                 C:\Program Files (x86)\Microsoft Visual Studio 10.0\VC\include\stdio.h(371) : see declaration of 'sprintf'
     1>CoProcessorTest.cpp(99): warning C4996: 'sprintf': This function or variable may be unsafe. Consider using sprintf_s instead. To disable deprecation, use _CRT_SECURE_NO_WARNINGS. See online help for details.
                 C:\Program Files (x86)\Microsoft Visual Studio 10.0\VC\include\stdio.h(371) : see declaration of 'sprintf'
     1>CoProcessorTest.cpp(119): warning C4996: 'sprintf': This function or variable may be unsafe. Consider using sprintf_s instead. To disable deprecation, use _CRT_SECURE_NO_WARNINGS. See online help for details.
                 C:\Program Files (x86)\Microsoft Visual Studio 10.0\VC\include\stdio.h(371) : see declaration of 'sprintf'
     1>CoProcessorTest.cpp(124): warning C4996: 'sprintf': This function or variable may be unsafe. Consider using sprintf_s instead. To disable deprecation, use _CRT_SECURE_NO_WARNINGS. See online help for details.
                 C:\Program Files (x86)\Microsoft Visual Studio 10.0\VC\include\stdio.h(371) : see declaration of 'sprintf'
     1>CoProcessorTest.cpp(128): warning C4996: 'sprintf': This function or variable may be unsafe. Consider using sprintf_s instead. To disable deprecation, use _CRT_SECURE_NO_WARNINGS. See online help for details.
                 C:\Program Files (x86)\Microsoft Visual Studio 10.0\VC\include\stdio.h(371) : see declaration of 'sprintf'
     1>CoProcessorTest.cpp(132): warning C4996: 'sprintf': This function or variable may be unsafe. Consider using sprintf_s instead. To disable deprecation, use _CRT_SECURE_NO_WARNINGS. See online help for details.
                 C:\Program Files (x86)\Microsoft Visual Studio 10.0\VC\include\stdio.h(371) : see declaration of 'sprintf'
     1>CoProcessorTest.cpp(141): warning C4996: 'sprintf': This function or variable may be unsafe. Consider using sprintf_s instead. To disable deprecation, use _CRT_SECURE_NO_WARNINGS. See online help for details.
                 C:\Program Files (x86)\Microsoft Visual Studio 10.0\VC\include\stdio.h(371) : see declaration of 'sprintf'
     1>CoProcessorTest.cpp(150): warning C4996: 'sprintf': This function or variable may be unsafe. Consider using sprintf_s instead. To disable deprecation, use _CRT_SECURE_NO_WARNINGS. See online help for details.
                 C:\Program Files (x86)\Microsoft Visual Studio 10.0\VC\include\stdio.h(371) : see declaration of 'sprintf'
     1>CoProcessorTest.cpp(160): warning C4996: 'sprintf': This function or variable may be unsafe. Consider using sprintf_s instead. To disable deprecation, use _CRT_SECURE_NO_WARNINGS. See online help for details.
                 C:\Program Files (x86)\Microsoft Visual Studio 10.0\VC\include\stdio.h(371) : see declaration of 'sprintf'
         Database.cpp
     1>c:\users\pdcc\desktop\vldbdemo13-v4\experiment\source\finaltest\operator\coprocessor-operatorscheduler\coprocessor\hash.h(43): warning C4996: 'strcpy': This function or variable may be unsafe. Consider using strcpy_s instead. To disable deprecation, use _CRT_SECURE_NO_WARNINGS. See online help for details.
                 C:\Program Files (x86)\Microsoft Visual Studio 10.0\VC\include\string.h(105) : see declaration of 'strcpy'
     1>c:\users\pdcc\desktop\vldbdemo13-v4\experiment\source\finaltest\operator\coprocessor-operatorscheduler\mylib\QP_Utility.h(20): warning C4005: 'TEST_MAX' : macro redefinition
                 c:\users\pdcc\desktop\vldbdemo13-v4\experiment\source\finaltest\operator\coprocessor-operatorscheduler\coprocessor\db.h(52) : see previous definition of 'TEST_MAX'
     1>c:\users\pdcc\desktop\vldbdemo13-v4\experiment\source\finaltest\operator\coprocessor-operatorscheduler\mylib\LinkedList.h(8): warning C4005: 'NUM_ENTRY' : macro redefinition
                 c:\users\pdcc\desktop\vldbdemo13-v4\experiment\source\finaltest\operator\coprocessor-operatorscheduler\coprocessor\db.h(42) : see previous definition of 'NUM_ENTRY'
     1>Database.cpp(263): warning C4996: 'fopen': This function or variable may be unsafe. Consider using fopen_s instead. To disable deprecation, use _CRT_SECURE_NO_WARNINGS. See online help for details.
                 C:\Program Files (x86)\Microsoft Visual Studio 10.0\VC\include\stdio.h(234) : see declaration of 'fopen'
     1>Database.cpp(272): warning C4101: 'value' : unreferenced local variable
     1>Database.cpp(271): warning C4101: 'rid' : unreferenced local variable
     1>Database.cpp(422): warning C4996: 'strncpy': This function or variable may be unsafe. Consider using strncpy_s instead. To disable deprecation, use _CRT_SECURE_NO_WARNINGS. See online help for details.
                 C:\Program Files (x86)\Microsoft Visual Studio 10.0\VC\include\string.h(188) : see declaration of 'strncpy'
     1>Database.cpp(424): warning C4996: 'strncpy': This function or variable may be unsafe. Consider using strncpy_s instead. To disable deprecation, use _CRT_SECURE_NO_WARNINGS. See online help for details.
                 C:\Program Files (x86)\Microsoft Visual Studio 10.0\VC\include\string.h(188) : see declaration of 'strncpy'
     1>Database.cpp(435): warning C4996: 'strncpy': This function or variable may be unsafe. Consider using strncpy_s instead. To disable deprecation, use _CRT_SECURE_NO_WARNINGS. See online help for details.
                 C:\Program Files (x86)\Microsoft Visual Studio 10.0\VC\include\string.h(188) : see declaration of 'strncpy'
     1>Database.cpp(444): warning C4996: 'strcpy': This function or variable may be unsafe. Consider using strcpy_s instead. To disable deprecation, use _CRT_SECURE_NO_WARNINGS. See online help for details.
                 C:\Program Files (x86)\Microsoft Visual Studio 10.0\VC\include\string.h(105) : see declaration of 'strcpy'
     1>Database.cpp(446): warning C4996: 'strcpy': This function or variable may be unsafe. Consider using strcpy_s instead. To disable deprecation, use _CRT_SECURE_NO_WARNINGS. See online help for details.
                 C:\Program Files (x86)\Microsoft Visual Studio 10.0\VC\include\string.h(105) : see declaration of 'strcpy'
     1>Database.cpp(463): warning C4996: 'sprintf': This function or variable may be unsafe. Consider using sprintf_s instead. To disable deprecation, use _CRT_SECURE_NO_WARNINGS. See online help for details.
                 C:\Program Files (x86)\Microsoft Visual Studio 10.0\VC\include\stdio.h(371) : see declaration of 'sprintf'
     1>Database.cpp(465): warning C4996: 'fopen': This function or variable may be unsafe. Consider using fopen_s instead. To disable deprecation, use _CRT_SECURE_NO_WARNINGS. See online help for details.
                 C:\Program Files (x86)\Microsoft Visual Studio 10.0\VC\include\stdio.h(234) : see declaration of 'fopen'
     1>Database.cpp(510): warning C4996: 'sprintf': This function or variable may be unsafe. Consider using sprintf_s instead. To disable deprecation, use _CRT_SECURE_NO_WARNINGS. See online help for details.
                 C:\Program Files (x86)\Microsoft Visual Studio 10.0\VC\include\stdio.h(371) : see declaration of 'sprintf'
     1>Database.cpp(512): warning C4996: 'fopen': This function or variable may be unsafe. Consider using fopen_s instead. To disable deprecation, use _CRT_SECURE_NO_WARNINGS. See online help for details.
                 C:\Program Files (x86)\Microsoft Visual Studio 10.0\VC\include\stdio.h(234) : see declaration of 'fopen'
     1>Database.cpp(553): warning C4996: 'sprintf': This function or variable may be unsafe. Consider using sprintf_s instead. To disable deprecation, use _CRT_SECURE_NO_WARNINGS. See online help for details.
                 C:\Program Files (x86)\Microsoft Visual Studio 10.0\VC\include\stdio.h(371) : see declaration of 'sprintf'
     1>Database.cpp(555): warning C4996: 'fopen': This function or variable may be unsafe. Consider using fopen_s instead. To disable deprecation, use _CRT_SECURE_NO_WARNINGS. See online help for details.
                 C:\Program Files (x86)\Microsoft Visual Studio 10.0\VC\include\stdio.h(234) : see declaration of 'fopen'
     1>Database.cpp(563): warning C4996: 'fscanf': This function or variable may be unsafe. Consider using fscanf_s instead. To disable deprecation, use _CRT_SECURE_NO_WARNINGS. See online help for details.
                 C:\Program Files (x86)\Microsoft Visual Studio 10.0\VC\include\stdio.h(253) : see declaration of 'fscanf'
     1>Database.cpp(564): warning C4996: 'fscanf': This function or variable may be unsafe. Consider using fscanf_s instead. To disable deprecation, use _CRT_SECURE_NO_WARNINGS. See online help for details.
                 C:\Program Files (x86)\Microsoft Visual Studio 10.0\VC\include\stdio.h(253) : see declaration of 'fscanf'
     1>Database.cpp(565): warning C4996: 'fscanf': This function or variable may be unsafe. Consider using fscanf_s instead. To disable deprecation, use _CRT_SECURE_NO_WARNINGS. See online help for details.
                 C:\Program Files (x86)\Microsoft Visual Studio 10.0\VC\include\stdio.h(253) : see declaration of 'fscanf'
     1>Database.cpp(586): warning C4996: 'sprintf': This function or variable may be unsafe. Consider using sprintf_s instead. To disable deprecation, use _CRT_SECURE_NO_WARNINGS. See online help for details.
                 C:\Program Files (x86)\Microsoft Visual Studio 10.0\VC\include\stdio.h(371) : see declaration of 'sprintf'
     1>Database.cpp(588): warning C4996: 'fopen': This function or variable may be unsafe. Consider using fopen_s instead. To disable deprecation, use _CRT_SECURE_NO_WARNINGS. See online help for details.
                 C:\Program Files (x86)\Microsoft Visual Studio 10.0\VC\include\stdio.h(234) : see declaration of 'fopen'
     1>Database.cpp(596): warning C4996: 'fscanf': This function or variable may be unsafe. Consider using fscanf_s instead. To disable deprecation, use _CRT_SECURE_NO_WARNINGS. See online help for details.
                 C:\Program Files (x86)\Microsoft Visual Studio 10.0\VC\include\stdio.h(253) : see declaration of 'fscanf'
     1>Database.cpp(597): warning C4996: 'fscanf': This function or variable may be unsafe. Consider using fscanf_s instead. To disable deprecation, use _CRT_SECURE_NO_WARNINGS. See online help for details.
                 C:\Program Files (x86)\Microsoft Visual Studio 10.0\VC\include\stdio.h(253) : see declaration of 'fscanf'
     1>Database.cpp(598): warning C4996: 'fscanf': This function or variable may be unsafe. Consider using fscanf_s instead. To disable deprecation, use _CRT_SECURE_NO_WARNINGS. See online help for details.
                 C:\Program Files (x86)\Microsoft Visual Studio 10.0\VC\include\stdio.h(253) : see declaration of 'fscanf'
     1>Database.cpp(549): warning C4101: 't2' : unreferenced local variable
     1>Database.cpp(549): warning C4101: 't1' : unreferenced local variable
         db.cpp
     1>C:\Users\pdcc\Desktop\VLDBDemo13-v4\Experiment\Source\FinalTest\Operator\CoProcessor-OperatorScheduler\MyLib\QP_Utility.h(20): warning C4005: 'TEST_MAX' : macro redefinition
                 c:\users\pdcc\desktop\vldbdemo13-v4\experiment\source\finaltest\operator\coprocessor-operatorscheduler\coprocessor\db.h(52) : see previous definition of 'TEST_MAX'
         DynamicQueryProcessor.cpp
     1>c:\users\pdcc\desktop\vldbdemo13-v4\experiment\source\finaltest\operator\coprocessor-operatorscheduler\coprocessor\db.h(42): warning C4005: 'NUM_ENTRY' : macro redefinition
                 c:\users\pdcc\desktop\vldbdemo13-v4\experiment\source\finaltest\operator\coprocessor-operatorscheduler\mylib\LinkedList.h(8) : see previous definition of 'NUM_ENTRY'
     1>c:\users\pdcc\desktop\vldbdemo13-v4\experiment\source\finaltest\operator\coprocessor-operatorscheduler\coprocessor\db.h(52): warning C4005: 'TEST_MAX' : macro redefinition
                 c:\users\pdcc\desktop\vldbdemo13-v4\experiment\source\finaltest\operator\coprocessor-operatorscheduler\mylib\QP_Utility.h(20) : see previous definition of 'TEST_MAX'
     1>c:\users\pdcc\desktop\vldbdemo13-v4\experiment\source\finaltest\operator\coprocessor-operatorscheduler\coprocessor\MyThreadPoolCop.h(9): warning C4005: 'MAX_RUN' : macro redefinition
                 c:\users\pdcc\desktop\vldbdemo13-v4\experiment\source\finaltest\operator\coprocessor-operatorscheduler\mylib\MyThreadPool.h(8) : see previous definition of 'MAX_RUN'
     1>c:\users\pdcc\desktop\vldbdemo13-v4\experiment\source\finaltest\operator\coprocessor-operatorscheduler\coprocessor\hash.h(43): warning C4996: 'strcpy': This function or variable may be unsafe. Consider using strcpy_s instead. To disable deprecation, use _CRT_SECURE_NO_WARNINGS. See online help for details.
                 C:\Program Files (x86)\Microsoft Visual Studio 10.0\VC\include\string.h(105) : see declaration of 'strcpy'
     1>c:\users\pdcc\desktop\vldbdemo13-v4\experiment\source\finaltest\operator\coprocessor-operatorscheduler\coprocessor\ExecStatus.h(58): warning C4996: 'strcpy': This function or variable may be unsafe. Consider using strcpy_s instead. To disable deprecation, use _CRT_SECURE_NO_WARNINGS. See online help for details.
                 C:\Program Files (x86)\Microsoft Visual Studio 10.0\VC\include\string.h(105) : see declaration of 'strcpy'
     1>c:\users\pdcc\desktop\vldbdemo13-v4\experiment\source\finaltest\operator\coprocessor-operatorscheduler\coprocessor\ExecStatus.h(231): warning C4101: 'refCount' : unreferenced local variable
     1>c:\users\pdcc\desktop\vldbdemo13-v4\experiment\source\finaltest\operator\coprocessor-operatorscheduler\coprocessor\ExecStatus.h(230): warning C4101: 'status' : unreferenced local variable
     1>DynamicQueryProcessor.cpp(68): warning C4101: 'eM' : unreferenced local variable
         GroupByThreadOp.cpp
     1>c:\users\pdcc\desktop\vldbdemo13-v4\experiment\source\finaltest\operator\coprocessor-operatorscheduler\coprocessor\db.h(42): warning C4005: 'NUM_ENTRY' : macro redefinition
                 c:\users\pdcc\desktop\vldbdemo13-v4\experiment\source\finaltest\operator\coprocessor-operatorscheduler\mylib\LinkedList.h(8) : see previous definition of 'NUM_ENTRY'
     1>c:\users\pdcc\desktop\vldbdemo13-v4\experiment\source\finaltest\operator\coprocessor-operatorscheduler\coprocessor\db.h(52): warning C4005: 'TEST_MAX' : macro redefinition
                 c:\users\pdcc\desktop\vldbdemo13-v4\experiment\source\finaltest\operator\coprocessor-operatorscheduler\mylib\QP_Utility.h(20) : see previous definition of 'TEST_MAX'
         HandShaking.cpp
     1>c:\users\pdcc\desktop\vldbdemo13-v4\experiment\source\finaltest\operator\coprocessor-operatorscheduler\coprocessor\db.h(42): warning C4005: 'NUM_ENTRY' : macro redefinition
                 c:\users\pdcc\desktop\vldbdemo13-v4\experiment\source\finaltest\operator\coprocessor-operatorscheduler\mylib\LinkedList.h(8) : see previous definition of 'NUM_ENTRY'
     1>c:\users\pdcc\desktop\vldbdemo13-v4\experiment\source\finaltest\operator\coprocessor-operatorscheduler\coprocessor\db.h(52): warning C4005: 'TEST_MAX' : macro redefinition
                 c:\users\pdcc\desktop\vldbdemo13-v4\experiment\source\finaltest\operator\coprocessor-operatorscheduler\mylib\QP_Utility.h(20) : see previous definition of 'TEST_MAX'
     1>c:\users\pdcc\desktop\vldbdemo13-v4\experiment\source\finaltest\operator\coprocessor-operatorscheduler\coprocessor\hash.h(43): warning C4996: 'strcpy': This function or variable may be unsafe. Consider using strcpy_s instead. To disable deprecation, use _CRT_SECURE_NO_WARNINGS. See online help for details.
                 C:\Program Files (x86)\Microsoft Visual Studio 10.0\VC\include\string.h(105) : see declaration of 'strcpy'
     1>c:\users\pdcc\desktop\vldbdemo13-v4\experiment\source\finaltest\operator\coprocessor-operatorscheduler\coprocessor\ExecStatus.h(58): warning C4996: 'strcpy': This function or variable may be unsafe. Consider using strcpy_s instead. To disable deprecation, use _CRT_SECURE_NO_WARNINGS. See online help for details.
                 C:\Program Files (x86)\Microsoft Visual Studio 10.0\VC\include\string.h(105) : see declaration of 'strcpy'
     1>c:\users\pdcc\desktop\vldbdemo13-v4\experiment\source\finaltest\operator\coprocessor-operatorscheduler\coprocessor\ExecStatus.h(231): warning C4101: 'refCount' : unreferenced local variable
     1>c:\users\pdcc\desktop\vldbdemo13-v4\experiment\source\finaltest\operator\coprocessor-operatorscheduler\coprocessor\ExecStatus.h(230): warning C4101: 'status' : unreferenced local variable
     1>HandShaking.cpp(494): warning C4996: 'sprintf': This function or variable may be unsafe. Consider using sprintf_s instead. To disable deprecation, use _CRT_SECURE_NO_WARNINGS. See online help for details.
                 C:\Program Files (x86)\Microsoft Visual Studio 10.0\VC\include\stdio.h(371) : see declaration of 'sprintf'
     1>HandShaking.cpp(495): warning C4996: 'fopen': This function or variable may be unsafe. Consider using fopen_s instead. To disable deprecation, use _CRT_SECURE_NO_WARNINGS. See online help for details.
                 C:\Program Files (x86)\Microsoft Visual Studio 10.0\VC\include\stdio.h(234) : see declaration of 'fopen'
         PredicateTree.cpp
     1>PredicateTree.cpp(46): warning C4996: 'strcpy': This function or variable may be unsafe. Consider using strcpy_s instead. To disable deprecation, use _CRT_SECURE_NO_WARNINGS. See online help for details.
                 C:\Program Files (x86)\Microsoft Visual Studio 10.0\VC\include\string.h(105) : see declaration of 'strcpy'
     1>PredicateTree.cpp(47): warning C4996: 'strcpy': This function or variable may be unsafe. Consider using strcpy_s instead. To disable deprecation, use _CRT_SECURE_NO_WARNINGS. See online help for details.
                 C:\Program Files (x86)\Microsoft Visual Studio 10.0\VC\include\string.h(105) : see declaration of 'strcpy'
     1>PredicateTree.cpp(54): warning C4996: 'strcpy': This function or variable may be unsafe. Consider using strcpy_s instead. To disable deprecation, use _CRT_SECURE_NO_WARNINGS. See online help for details.
                 C:\Program Files (x86)\Microsoft Visual Studio 10.0\VC\include\string.h(105) : see declaration of 'strcpy'
     1>PredicateTree.cpp(210): warning C4996: 'strcpy': This function or variable may be unsafe. Consider using strcpy_s instead. To disable deprecation, use _CRT_SECURE_NO_WARNINGS. See online help for details.
                 C:\Program Files (x86)\Microsoft Visual Studio 10.0\VC\include\string.h(105) : see declaration of 'strcpy'
         QP_Utility.cpp
         QueryPlanNode.cpp
     1>C:\Users\pdcc\Desktop\VLDBDemo13-v4\Experiment\Source\FinalTest\Operator\CoProcessor-OperatorScheduler\MyLib\QP_Utility.h(20): warning C4005: 'TEST_MAX' : macro redefinition
                 c:\users\pdcc\desktop\vldbdemo13-v4\experiment\source\finaltest\operator\coprocessor-operatorscheduler\coprocessor\db.h(52) : see previous definition of 'TEST_MAX'
     1>c:\users\pdcc\desktop\vldbdemo13-v4\experiment\source\finaltest\operator\coprocessor-operatorscheduler\coprocessor\hash.h(43): warning C4996: 'strcpy': This function or variable may be unsafe. Consider using strcpy_s instead. To disable deprecation, use _CRT_SECURE_NO_WARNINGS. See online help for details.
                 C:\Program Files (x86)\Microsoft Visual Studio 10.0\VC\include\string.h(105) : see declaration of 'strcpy'
     1>c:\users\pdcc\desktop\vldbdemo13-v4\experiment\source\finaltest\operator\coprocessor-operatorscheduler\mylib\LinkedList.h(8): warning C4005: 'NUM_ENTRY' : macro redefinition
                 c:\users\pdcc\desktop\vldbdemo13-v4\experiment\source\finaltest\operator\coprocessor-operatorscheduler\coprocessor\db.h(42) : see previous definition of 'NUM_ENTRY'
     1>c:\users\pdcc\desktop\vldbdemo13-v4\experiment\source\finaltest\operator\coprocessor-operatorscheduler\coprocessor\ExecStatus.h(58): warning C4996: 'strcpy': This function or variable may be unsafe. Consider using strcpy_s instead. To disable deprecation, use _CRT_SECURE_NO_WARNINGS. See online help for details.
                 C:\Program Files (x86)\Microsoft Visual Studio 10.0\VC\include\string.h(105) : see declaration of 'strcpy'
     1>c:\users\pdcc\desktop\vldbdemo13-v4\experiment\source\finaltest\operator\coprocessor-operatorscheduler\coprocessor\ExecStatus.h(231): warning C4101: 'refCount' : unreferenced local variable
     1>c:\users\pdcc\desktop\vldbdemo13-v4\experiment\source\finaltest\operator\coprocessor-operatorscheduler\coprocessor\ExecStatus.h(230): warning C4101: 'status' : unreferenced local variable
     1>QueryPlanNode.cpp(50): warning C4996: 'strcpy': This function or variable may be unsafe. Consider using strcpy_s instead. To disable deprecation, use _CRT_SECURE_NO_WARNINGS. See online help for details.
                 C:\Program Files (x86)\Microsoft Visual Studio 10.0\VC\include\string.h(105) : see declaration of 'strcpy'
     1>QueryPlanNode.cpp(57): warning C4996: 'strcpy': This function or variable may be unsafe. Consider using strcpy_s instead. To disable deprecation, use _CRT_SECURE_NO_WARNINGS. See online help for details.
                 C:\Program Files (x86)\Microsoft Visual Studio 10.0\VC\include\string.h(105) : see declaration of 'strcpy'
     1>QueryPlanNode.cpp(73): warning C4996: 'strcpy': This function or variable may be unsafe. Consider using strcpy_s instead. To disable deprecation, use _CRT_SECURE_NO_WARNINGS. See online help for details.
                 C:\Program Files (x86)\Microsoft Visual Studio 10.0\VC\include\string.h(105) : see declaration of 'strcpy'
     1>QueryPlanNode.cpp(355): warning C4101: 'leftopt' : unreferenced local variable
     1>QueryPlanNode.cpp(356): warning C4101: 'rightopt' : unreferenced local variable
         QueryPlanTree.cpp
     1>C:\Users\pdcc\Desktop\VLDBDemo13-v4\Experiment\Source\FinalTest\Operator\CoProcessor-OperatorScheduler\MyLib\QP_Utility.h(20): warning C4005: 'TEST_MAX' : macro redefinition
                 c:\users\pdcc\desktop\vldbdemo13-v4\experiment\source\finaltest\operator\coprocessor-operatorscheduler\coprocessor\db.h(52) : see previous definition of 'TEST_MAX'
     1>c:\users\pdcc\desktop\vldbdemo13-v4\experiment\source\finaltest\operator\coprocessor-operatorscheduler\coprocessor\hash.h(43): warning C4996: 'strcpy': This function or variable may be unsafe. Consider using strcpy_s instead. To disable deprecation, use _CRT_SECURE_NO_WARNINGS. See online help for details.
                 C:\Program Files (x86)\Microsoft Visual Studio 10.0\VC\include\string.h(105) : see declaration of 'strcpy'
     1>c:\users\pdcc\desktop\vldbdemo13-v4\experiment\source\finaltest\operator\coprocessor-operatorscheduler\mylib\LinkedList.h(8): warning C4005: 'NUM_ENTRY' : macro redefinition
                 c:\users\pdcc\desktop\vldbdemo13-v4\experiment\source\finaltest\operator\coprocessor-operatorscheduler\coprocessor\db.h(42) : see previous definition of 'NUM_ENTRY'
     1>c:\users\pdcc\desktop\vldbdemo13-v4\experiment\source\finaltest\operator\coprocessor-operatorscheduler\coprocessor\ExecStatus.h(58): warning C4996: 'strcpy': This function or variable may be unsafe. Consider using strcpy_s instead. To disable deprecation, use _CRT_SECURE_NO_WARNINGS. See online help for details.
                 C:\Program Files (x86)\Microsoft Visual Studio 10.0\VC\include\string.h(105) : see declaration of 'strcpy'
     1>c:\users\pdcc\desktop\vldbdemo13-v4\experiment\source\finaltest\operator\coprocessor-operatorscheduler\coprocessor\ExecStatus.h(231): warning C4101: 'refCount' : unreferenced local variable
     1>c:\users\pdcc\desktop\vldbdemo13-v4\experiment\source\finaltest\operator\coprocessor-operatorscheduler\coprocessor\ExecStatus.h(230): warning C4101: 'status' : unreferenced local variable
     1>QueryPlanTree.cpp(110): warning C4102: 'deschedule' : unreferenced label
         Scheduler.cpp
     1>C:\Users\pdcc\Desktop\VLDBDemo13-v4\Experiment\Source\FinalTest\Operator\CoProcessor-OperatorScheduler\MyLib\QP_Utility.h(20): warning C4005: 'TEST_MAX' : macro redefinition
                 c:\users\pdcc\desktop\vldbdemo13-v4\experiment\source\finaltest\operator\coprocessor-operatorscheduler\coprocessor\db.h(52) : see previous definition of 'TEST_MAX'
     1>c:\users\pdcc\desktop\vldbdemo13-v4\experiment\source\finaltest\operator\coprocessor-operatorscheduler\coprocessor\hash.h(43): warning C4996: 'strcpy': This function or variable may be unsafe. Consider using strcpy_s instead. To disable deprecation, use _CRT_SECURE_NO_WARNINGS. See online help for details.
                 C:\Program Files (x86)\Microsoft Visual Studio 10.0\VC\include\string.h(105) : see declaration of 'strcpy'
     1>c:\users\pdcc\desktop\vldbdemo13-v4\experiment\source\finaltest\operator\coprocessor-operatorscheduler\mylib\LinkedList.h(8): warning C4005: 'NUM_ENTRY' : macro redefinition
                 c:\users\pdcc\desktop\vldbdemo13-v4\experiment\source\finaltest\operator\coprocessor-operatorscheduler\coprocessor\db.h(42) : see previous definition of 'NUM_ENTRY'
     1>c:\users\pdcc\desktop\vldbdemo13-v4\experiment\source\finaltest\operator\coprocessor-operatorscheduler\coprocessor\ExecStatus.h(58): warning C4996: 'strcpy': This function or variable may be unsafe. Consider using strcpy_s instead. To disable deprecation, use _CRT_SECURE_NO_WARNINGS. See online help for details.
                 C:\Program Files (x86)\Microsoft Visual Studio 10.0\VC\include\string.h(105) : see declaration of 'strcpy'
     1>c:\users\pdcc\desktop\vldbdemo13-v4\experiment\source\finaltest\operator\coprocessor-operatorscheduler\coprocessor\ExecStatus.h(231): warning C4101: 'refCount' : unreferenced local variable
     1>c:\users\pdcc\desktop\vldbdemo13-v4\experiment\source\finaltest\operator\coprocessor-operatorscheduler\coprocessor\ExecStatus.h(230): warning C4101: 'status' : unreferenced local variable
         SDKCommmon.cpp
         SingularThreadOp.cpp
     1>c:\users\pdcc\desktop\vldbdemo13-v4\experiment\source\finaltest\operator\coprocessor-operatorscheduler\coprocessor\db.h(42): warning C4005: 'NUM_ENTRY' : macro redefinition
                 c:\users\pdcc\desktop\vldbdemo13-v4\experiment\source\finaltest\operator\coprocessor-operatorscheduler\mylib\LinkedList.h(8) : see previous definition of 'NUM_ENTRY'
     1>c:\users\pdcc\desktop\vldbdemo13-v4\experiment\source\finaltest\operator\coprocessor-operatorscheduler\coprocessor\db.h(52): warning C4005: 'TEST_MAX' : macro redefinition
                 c:\users\pdcc\desktop\vldbdemo13-v4\experiment\source\finaltest\operator\coprocessor-operatorscheduler\mylib\QP_Utility.h(20) : see previous definition of 'TEST_MAX'
         SortThreadOp.cpp
     1>c:\users\pdcc\desktop\vldbdemo13-v4\experiment\source\finaltest\operator\coprocessor-operatorscheduler\coprocessor\db.h(42): warning C4005: 'NUM_ENTRY' : macro redefinition
                 c:\users\pdcc\desktop\vldbdemo13-v4\experiment\source\finaltest\operator\coprocessor-operatorscheduler\mylib\LinkedList.h(8) : see previous definition of 'NUM_ENTRY'
     1>c:\users\pdcc\desktop\vldbdemo13-v4\experiment\source\finaltest\operator\coprocessor-operatorscheduler\coprocessor\db.h(52): warning C4005: 'TEST_MAX' : macro redefinition
                 c:\users\pdcc\desktop\vldbdemo13-v4\experiment\source\finaltest\operator\coprocessor-operatorscheduler\mylib\QP_Utility.h(20) : see previous definition of 'TEST_MAX'
         ThreadOp.cpp
     1>c:\users\pdcc\desktop\vldbdemo13-v4\experiment\source\finaltest\operator\coprocessor-operatorscheduler\coprocessor\db.h(42): warning C4005: 'NUM_ENTRY' : macro redefinition
                 c:\users\pdcc\desktop\vldbdemo13-v4\experiment\source\finaltest\operator\coprocessor-operatorscheduler\mylib\LinkedList.h(8) : see previous definition of 'NUM_ENTRY'
     1>c:\users\pdcc\desktop\vldbdemo13-v4\experiment\source\finaltest\operator\coprocessor-operatorscheduler\coprocessor\db.h(52): warning C4005: 'TEST_MAX' : macro redefinition
                 c:\users\pdcc\desktop\vldbdemo13-v4\experiment\source\finaltest\operator\coprocessor-operatorscheduler\mylib\QP_Utility.h(20) : see previous definition of 'TEST_MAX'
         UInterface.cpp
     1>C:\Users\pdcc\Desktop\VLDBDemo13-v4\Experiment\Source\FinalTest\Operator\CoProcessor-OperatorScheduler\MyLib\QP_Utility.h(20): warning C4005: 'TEST_MAX' : macro redefinition
                 c:\users\pdcc\desktop\vldbdemo13-v4\experiment\source\finaltest\operator\coprocessor-operatorscheduler\coprocessor\db.h(52) : see previous definition of 'TEST_MAX'
     1>c:\users\pdcc\desktop\vldbdemo13-v4\experiment\source\finaltest\operator\coprocessor-operatorscheduler\coprocessor\hash.h(43): warning C4996: 'strcpy': This function or variable may be unsafe. Consider using strcpy_s instead. To disable deprecation, use _CRT_SECURE_NO_WARNINGS. See online help for details.
                 C:\Program Files (x86)\Microsoft Visual Studio 10.0\VC\include\string.h(105) : see declaration of 'strcpy'
     1>c:\users\pdcc\desktop\vldbdemo13-v4\experiment\source\finaltest\operator\coprocessor-operatorscheduler\mylib\LinkedList.h(8): warning C4005: 'NUM_ENTRY' : macro redefinition
                 c:\users\pdcc\desktop\vldbdemo13-v4\experiment\source\finaltest\operator\coprocessor-operatorscheduler\coprocessor\db.h(42) : see previous definition of 'NUM_ENTRY'
     1>c:\users\pdcc\desktop\vldbdemo13-v4\experiment\source\finaltest\operator\coprocessor-operatorscheduler\coprocessor\ExecStatus.h(58): warning C4996: 'strcpy': This function or variable may be unsafe. Consider using strcpy_s instead. To disable deprecation, use _CRT_SECURE_NO_WARNINGS. See online help for details.
                 C:\Program Files (x86)\Microsoft Visual Studio 10.0\VC\include\string.h(105) : see declaration of 'strcpy'
     1>c:\users\pdcc\desktop\vldbdemo13-v4\experiment\source\finaltest\operator\coprocessor-operatorscheduler\coprocessor\ExecStatus.h(231): warning C4101: 'refCount' : unreferenced local variable
     1>c:\users\pdcc\desktop\vldbdemo13-v4\experiment\source\finaltest\operator\coprocessor-operatorscheduler\coprocessor\ExecStatus.h(230): warning C4101: 'status' : unreferenced local variable
       Link:
         C:\Program Files (x86)\Microsoft Visual Studio 10.0\VC\bin\link.exe /ERRORREPORT:PROMPT /OUT:"C:\Users\pdcc\Desktop\VLDBDemo13-v4\Experiment\Source\FinalTest\Operator\CoProcessor-OperatorScheduler\Release\CoProcessor.exe" /INCREMENTAL:NO /NOLOGO /LIBPATH:..\TonyLib /LIBPATH:..\MyLib /LIBPATH:"C:\Program Files (x86)\AMD APP\\lib\x86" /LIBPATH:"C:\Users\pdcc\Documents\AMD APP\\lib\x86" /LIBPATH:"C:\Users\pdcc\Documents\AMD APP\\TempSDKUtil\lib\debug\x86" /LIBPATH:"C:\Program Files (x86)\AMD APP\\lib\x86" /LIBPATH:"C:\Users\pdcc\Documents\AMD APP\\lib\x86" /LIBPATH:"C:\Users\pdcc\Documents\AMD APP\\TempSDKUtil\lib\debug\x86" DLL_OpenCL.lib OpenCL.lib kernel32.lib user32.lib gdi32.lib winspool.lib comdlg32.lib advapi32.lib shell32.lib ole32.lib oleaut32.lib uuid.lib odbc32.lib odbccp32.lib /MANIFEST /ManifestFile:"Release\CoProcessor.exe.intermediate.manifest" /MANIFESTUAC:"level='asInvoker' uiAccess='false'" /DEBUG /PDB:"C:\Users\pdcc\Desktop\VLDBDemo13-v4\Experiment\Source\FinalTest\Operator\CoProcessor-OperatorScheduler\Release\CoProcessor.pdb" /SUBSYSTEM:CONSOLE /OPT:REF /OPT:ICF /LTCG /TLBID:1 /DYNAMICBASE /NXCOMPAT /IMPLIB:"C:\Users\pdcc\Desktop\VLDBDemo13-v4\Experiment\Source\FinalTest\Operator\CoProcessor-OperatorScheduler\Release\CoProcessor.lib" /MACHINE:X86 Release\BinaryThreadOp.obj
         Release\CoProcessorApp.obj
         Release\CoProcessorTest.obj
         Release\Database.obj
         Release\db.obj
         Release\DynamicQueryProcessor.obj
         Release\GroupByThreadOp.obj
         Release\HandShaking.obj
         Release\PredicateTree.obj
         Release\QP_Utility.obj
         Release\QueryPlanNode.obj
         Release\QueryPlanTree.obj
         Release\Scheduler.obj
         Release\SDKCommmon.obj
         Release\SingularThreadOp.obj
         Release\SortThreadOp.obj
         Release\ThreadOp.obj
         Release\UInterface.obj
            Creating library C:\Users\pdcc\Desktop\VLDBDemo13-v4\Experiment\Source\FinalTest\Operator\CoProcessor-OperatorScheduler\Release\CoProcessor.lib and object C:\Users\pdcc\Desktop\VLDBDemo13-v4\Experiment\Source\FinalTest\Operator\CoProcessor-OperatorScheduler\Release\CoProcessor.exp
         Generating code
     1>c:\users\pdcc\desktop\vldbdemo13-v4\experiment\source\finaltest\operator\coprocessor-operatorscheduler\coprocessor\coprocessortest.cpp(327): warning C4715: 'OpToString' : not all control paths return a value
     1>c:\users\pdcc\desktop\vldbdemo13-v4\experiment\source\finaltest\operator\coprocessor-operatorscheduler\coprocessor\execstatus.h(111): warning C4700: uninitialized local variable 'Rout' used
         Finished generating code
     1>DLL_OpenCL.lib(IndexJoin.obj) : warning LNK4099: PDB 'vc100.pdb' was not found with 'DLL_OpenCL.lib(IndexJoin.obj)' or at 'C:\Users\pdcc\Desktop\VLDBDemo13-v4\Experiment\Source\FinalTest\Operator\CoProcessor-OperatorScheduler\Release\vc100.pdb'; linking object as if no debug info
     1>DLL_OpenCL.lib(BinaryJoin.obj) : warning LNK4099: PDB 'vc100.pdb' was not found with 'DLL_OpenCL.lib(BinaryJoin.obj)' or at 'C:\Users\pdcc\Desktop\VLDBDemo13-v4\Experiment\Source\FinalTest\Operator\CoProcessor-OperatorScheduler\Release\vc100.pdb'; linking object as if no debug info
     1>DLL_OpenCL.lib(mainProgram.obj) : warning LNK4099: PDB 'vc100.pdb' was not found with 'DLL_OpenCL.lib(mainProgram.obj)' or at 'C:\Users\pdcc\Desktop\VLDBDemo13-v4\Experiment\Source\FinalTest\Operator\CoProcessor-OperatorScheduler\Release\vc100.pdb'; linking object as if no debug info
     1>DLL_OpenCL.lib(common.obj) : warning LNK4099: PDB 'vc100.pdb' was not found with 'DLL_OpenCL.lib(common.obj)' or at 'C:\Users\pdcc\Desktop\VLDBDemo13-v4\Experiment\Source\FinalTest\Operator\CoProcessor-OperatorScheduler\Release\vc100.pdb'; linking object as if no debug info
     1>DLL_OpenCL.lib(GroupBy.obj) : warning LNK4099: PDB 'vc100.pdb' was not found with 'DLL_OpenCL.lib(GroupBy.obj)' or at 'C:\Users\pdcc\Desktop\VLDBDemo13-v4\Experiment\Source\FinalTest\Operator\CoProcessor-OperatorScheduler\Release\vc100.pdb'; linking object as if no debug info
     1>DLL_OpenCL.lib(Selection.obj) : warning LNK4099: PDB 'vc100.pdb' was not found with 'DLL_OpenCL.lib(Selection.obj)' or at 'C:\Users\pdcc\Desktop\VLDBDemo13-v4\Experiment\Source\FinalTest\Operator\CoProcessor-OperatorScheduler\Release\vc100.pdb'; linking object as if no debug info
     1>DLL_OpenCL.lib(Singular.obj) : warning LNK4099: PDB 'vc100.pdb' was not found with 'DLL_OpenCL.lib(Singular.obj)' or at 'C:\Users\pdcc\Desktop\VLDBDemo13-v4\Experiment\Source\FinalTest\Operator\CoProcessor-OperatorScheduler\Release\vc100.pdb'; linking object as if no debug info
     1>DLL_OpenCL.lib(AggAfterGroupBy.obj) : warning LNK4099: PDB 'vc100.pdb' was not found with 'DLL_OpenCL.lib(AggAfterGroupBy.obj)' or at 'C:\Users\pdcc\Desktop\VLDBDemo13-v4\Experiment\Source\FinalTest\Operator\CoProcessor-OperatorScheduler\Release\vc100.pdb'; linking object as if no debug info
     1>DLL_OpenCL.lib(Sort.obj) : warning LNK4099: PDB 'vc100.pdb' was not found with 'DLL_OpenCL.lib(Sort.obj)' or at 'C:\Users\pdcc\Desktop\VLDBDemo13-v4\Experiment\Source\FinalTest\Operator\CoProcessor-OperatorScheduler\Release\vc100.pdb'; linking object as if no debug info
     1>DLL_OpenCL.lib(Projection.obj) : warning LNK4099: PDB 'vc100.pdb' was not found with 'DLL_OpenCL.lib(Projection.obj)' or at 'C:\Users\pdcc\Desktop\VLDBDemo13-v4\Experiment\Source\FinalTest\Operator\CoProcessor-OperatorScheduler\Release\vc100.pdb'; linking object as if no debug info
     1>DLL_OpenCL.lib(SharedFunction.obj) : warning LNK4099: PDB 'vc100.pdb' was not found with 'DLL_OpenCL.lib(SharedFunction.obj)' or at 'C:\Users\pdcc\Desktop\VLDBDemo13-v4\Experiment\Source\FinalTest\Operator\CoProcessor-OperatorScheduler\Release\vc100.pdb'; linking object as if no debug info
     1>DLL_OpenCL.lib(scheduler.obj) : warning LNK4099: PDB 'vc100.pdb' was not found with 'DLL_OpenCL.lib(scheduler.obj)' or at 'C:\Users\pdcc\Desktop\VLDBDemo13-v4\Experiment\Source\FinalTest\Operator\CoProcessor-OperatorScheduler\Release\vc100.pdb'; linking object as if no debug info
     1>DLL_OpenCL.lib(testINLJ.obj) : warning LNK4099: PDB 'vc100.pdb' was not found with 'DLL_OpenCL.lib(testINLJ.obj)' or at 'C:\Users\pdcc\Desktop\VLDBDemo13-v4\Experiment\Source\FinalTest\Operator\CoProcessor-OperatorScheduler\Release\vc100.pdb'; linking object as if no debug info
     1>DLL_OpenCL.lib(CSSTree.obj) : warning LNK4099: PDB 'vc100.pdb' was not found with 'DLL_OpenCL.lib(CSSTree.obj)' or at 'C:\Users\pdcc\Desktop\VLDBDemo13-v4\Experiment\Source\FinalTest\Operator\CoProcessor-OperatorScheduler\Release\vc100.pdb'; linking object as if no debug info
     1>DLL_OpenCL.lib(testSMJ.obj) : warning LNK4099: PDB 'vc100.pdb' was not found with 'DLL_OpenCL.lib(testSMJ.obj)' or at 'C:\Users\pdcc\Desktop\VLDBDemo13-v4\Experiment\Source\FinalTest\Operator\CoProcessor-OperatorScheduler\Release\vc100.pdb'; linking object as if no debug info
     1>DLL_OpenCL.lib(testNinlj.obj) : warning LNK4099: PDB 'vc100.pdb' was not found with 'DLL_OpenCL.lib(testNinlj.obj)' or at 'C:\Users\pdcc\Desktop\VLDBDemo13-v4\Experiment\Source\FinalTest\Operator\CoProcessor-OperatorScheduler\Release\vc100.pdb'; linking object as if no debug info
     1>DLL_OpenCL.lib(testHJ.obj) : warning LNK4099: PDB 'vc100.pdb' was not found with 'DLL_OpenCL.lib(testHJ.obj)' or at 'C:\Users\pdcc\Desktop\VLDBDemo13-v4\Experiment\Source\FinalTest\Operator\CoProcessor-OperatorScheduler\Release\vc100.pdb'; linking object as if no debug info
     1>DLL_OpenCL.lib(testScatter.obj) : warning LNK4099: PDB 'vc100.pdb' was not found with 'DLL_OpenCL.lib(testScatter.obj)' or at 'C:\Users\pdcc\Desktop\VLDBDemo13-v4\Experiment\Source\FinalTest\Operator\CoProcessor-OperatorScheduler\Release\vc100.pdb'; linking object as if no debug info
     1>DLL_OpenCL.lib(generator.obj) : warning LNK4099: PDB 'vc100.pdb' was not found with 'DLL_OpenCL.lib(generator.obj)' or at 'C:\Users\pdcc\Desktop\VLDBDemo13-v4\Experiment\Source\FinalTest\Operator\CoProcessor-OperatorScheduler\Release\vc100.pdb'; linking object as if no debug info
     1>DLL_OpenCL.lib(Handshake.obj) : warning LNK4099: PDB 'vc100.pdb' was not found with 'DLL_OpenCL.lib(Handshake.obj)' or at 'C:\Users\pdcc\Desktop\VLDBDemo13-v4\Experiment\Source\FinalTest\Operator\CoProcessor-OperatorScheduler\Release\vc100.pdb'; linking object as if no debug info
     1>DLL_OpenCL.lib(KernelScheduler.obj) : warning LNK4099: PDB 'vc100.pdb' was not found with 'DLL_OpenCL.lib(KernelScheduler.obj)' or at 'C:\Users\pdcc\Desktop\VLDBDemo13-v4\Experiment\Source\FinalTest\Operator\CoProcessor-OperatorScheduler\Release\vc100.pdb'; linking object as if no debug info
     1>DLL_OpenCL.lib(testSort.obj) : warning LNK4099: PDB 'vc100.pdb' was not found with 'DLL_OpenCL.lib(testSort.obj)' or at 'C:\Users\pdcc\Desktop\VLDBDemo13-v4\Experiment\Source\FinalTest\Operator\CoProcessor-OperatorScheduler\Release\vc100.pdb'; linking object as if no debug info
     1>DLL_OpenCL.lib(testAggAfterGB.obj) : warning LNK4099: PDB 'vc100.pdb' was not found with 'DLL_OpenCL.lib(testAggAfterGB.obj)' or at 'C:\Users\pdcc\Desktop\VLDBDemo13-v4\Experiment\Source\FinalTest\Operator\CoProcessor-OperatorScheduler\Release\vc100.pdb'; linking object as if no debug info
     1>DLL_OpenCL.lib(testFilter.obj) : warning LNK4099: PDB 'vc100.pdb' was not found with 'DLL_OpenCL.lib(testFilter.obj)' or at 'C:\Users\pdcc\Desktop\VLDBDemo13-v4\Experiment\Source\FinalTest\Operator\CoProcessor-OperatorScheduler\Release\vc100.pdb'; linking object as if no debug info
     1>DLL_OpenCL.lib(testMap.obj) : warning LNK4099: PDB 'vc100.pdb' was not found with 'DLL_OpenCL.lib(testMap.obj)' or at 'C:\Users\pdcc\Desktop\VLDBDemo13-v4\Experiment\Source\FinalTest\Operator\CoProcessor-OperatorScheduler\Release\vc100.pdb'; linking object as if no debug info
     1>DLL_OpenCL.lib(testReduce.obj) : warning LNK4099: PDB 'vc100.pdb' was not found with 'DLL_OpenCL.lib(testReduce.obj)' or at 'C:\Users\pdcc\Desktop\VLDBDemo13-v4\Experiment\Source\FinalTest\Operator\CoProcessor-OperatorScheduler\Release\vc100.pdb'; linking object as if no debug info
     1>DLL_OpenCL.lib(testGroupBy.obj) : warning LNK4099: PDB 'vc100.pdb' was not found with 'DLL_OpenCL.lib(testGroupBy.obj)' or at 'C:\Users\pdcc\Desktop\VLDBDemo13-v4\Experiment\Source\FinalTest\Operator\CoProcessor-OperatorScheduler\Release\vc100.pdb'; linking object as if no debug info
     1>DLL_OpenCL.lib(testScan.obj) : warning LNK4099: PDB 'vc100.pdb' was not found with 'DLL_OpenCL.lib(testScan.obj)' or at 'C:\Users\pdcc\Desktop\VLDBDemo13-v4\Experiment\Source\FinalTest\Operator\CoProcessor-OperatorScheduler\Release\vc100.pdb'; linking object as if no debug info
     1>DLL_OpenCL.lib(testSplit.obj) : warning LNK4099: PDB 'vc100.pdb' was not found with 'DLL_OpenCL.lib(testSplit.obj)' or at 'C:\Users\pdcc\Desktop\VLDBDemo13-v4\Experiment\Source\FinalTest\Operator\CoProcessor-OperatorScheduler\Release\vc100.pdb'; linking object as if no debug info
     1>DLL_OpenCL.lib(testProjection.obj) : warning LNK4099: PDB 'vc100.pdb' was not found with 'DLL_OpenCL.lib(testProjection.obj)' or at 'C:\Users\pdcc\Desktop\VLDBDemo13-v4\Experiment\Source\FinalTest\Operator\CoProcessor-OperatorScheduler\Release\vc100.pdb'; linking object as if no debug info
     1>DLL_OpenCL.lib(testRIDList.obj) : warning LNK4099: PDB 'vc100.pdb' was not found with 'DLL_OpenCL.lib(testRIDList.obj)' or at 'C:\Users\pdcc\Desktop\VLDBDemo13-v4\Experiment\Source\FinalTest\Operator\CoProcessor-OperatorScheduler\Release\vc100.pdb'; linking object as if no debug info
     1>DLL_OpenCL.lib(testValue.obj) : warning LNK4099: PDB 'vc100.pdb' was not found with 'DLL_OpenCL.lib(testValue.obj)' or at 'C:\Users\pdcc\Desktop\VLDBDemo13-v4\Experiment\Source\FinalTest\Operator\CoProcessor-OperatorScheduler\Release\vc100.pdb'; linking object as if no debug info
     1>DLL_OpenCL.lib(PrimitiveCommon.obj) : warning LNK4099: PDB 'vc100.pdb' was not found with 'DLL_OpenCL.lib(PrimitiveCommon.obj)' or at 'C:\Users\pdcc\Desktop\VLDBDemo13-v4\Experiment\Source\FinalTest\Operator\CoProcessor-OperatorScheduler\Release\vc100.pdb'; linking object as if no debug info
     1>DLL_OpenCL.lib(Helper.obj) : warning LNK4099: PDB 'vc100.pdb' was not found with 'DLL_OpenCL.lib(Helper.obj)' or at 'C:\Users\pdcc\Desktop\VLDBDemo13-v4\Experiment\Source\FinalTest\Operator\CoProcessor-OperatorScheduler\Release\vc100.pdb'; linking object as if no debug info
     1>DLL_OpenCL.lib(Validate.obj) : warning LNK4099: PDB 'vc100.pdb' was not found with 'DLL_OpenCL.lib(Validate.obj)' or at 'C:\Users\pdcc\Desktop\VLDBDemo13-v4\Experiment\Source\FinalTest\Operator\CoProcessor-OperatorScheduler\Release\vc100.pdb'; linking object as if no debug info
         CoProcessor.vcxproj -> C:\Users\pdcc\Desktop\VLDBDemo13-v4\Experiment\Source\FinalTest\Operator\CoProcessor-OperatorScheduler\Release\CoProcessor.exe
       Manifest:
         C:\Program Files (x86)\Microsoft SDKs\Windows\v7.0A\bin\mt.exe /nologo /verbose /outputresource:"C:\Users\pdcc\Desktop\VLDBDemo13-v4\Experiment\Source\FinalTest\Operator\CoProcessor-OperatorScheduler\Release\CoProcessor.exe;#1" /manifest Release\CoProcessor.exe.intermediate.manifest
       FinalizeBuildStatus:
         Deleting file "Release\CoProcessor.unsuccessfulbuild".
         Touching "Release\CoProcessor.lastbuildstate".
     1>Done Building Project "C:\Users\pdcc\Desktop\VLDBDemo13-v4\Experiment\Source\FinalTest\Operator\CoProcessor-OperatorScheduler\CoProcessor\CoProcessor.vcxproj" (build target(s)).

Build succeeded.

Time Elapsed 00:00:13.04
